{"C:\\Users\\William Guinaudie\\My Files\\Coding\\Examples Projects for Templates\\Redux Project\\redux-starter\\src\\math.js": {"path":"C:\\Users\\William Guinaudie\\My Files\\Coding\\Examples Projects for Templates\\Redux Project\\redux-starter\\src\\math.js","statementMap":{"0":{"start":{"line":1,"column":21},"end":{"line":1,"column":45}},"1":{"start":{"line":1,"column":31},"end":{"line":1,"column":45}}},"fnMap":{"0":{"name":"(anonymous_0)","decl":{"start":{"line":1,"column":21},"end":{"line":1,"column":22}},"loc":{"start":{"line":1,"column":31},"end":{"line":1,"column":45}},"line":1}},"branchMap":{},"s":{"0":1,"1":2},"f":{"0":2},"b":{},"_coverageSchema":"1a1c01bbd47fc00a2c39e90264f33305004495a9","hash":"0828ddfa842188c50f346bef1eda18fafede470b"}
,"C:\\Users\\William Guinaudie\\My Files\\Coding\\Examples Projects for Templates\\Redux Project\\redux-starter\\src\\middleware\\api.js": {"path":"C:\\Users\\William Guinaudie\\My Files\\Coding\\Examples Projects for Templates\\Redux Project\\redux-starter\\src\\middleware\\api.js","statementMap":{"0":{"start":{"line":6,"column":10},"end":{"line":38,"column":1}},"1":{"start":{"line":6,"column":26},"end":{"line":38,"column":1}},"2":{"start":{"line":6,"column":34},"end":{"line":38,"column":1}},"3":{"start":{"line":8,"column":4},"end":{"line":8,"column":69}},"4":{"start":{"line":8,"column":49},"end":{"line":8,"column":68}},"5":{"start":{"line":11,"column":55},"end":{"line":11,"column":69}},"6":{"start":{"line":13,"column":4},"end":{"line":13,"column":42}},"7":{"start":{"line":15,"column":4},"end":{"line":15,"column":17}},"8":{"start":{"line":17,"column":4},"end":{"line":36,"column":5}},"9":{"start":{"line":18,"column":24},"end":{"line":23,"column":10}},"10":{"start":{"line":25,"column":8},"end":{"line":25,"column":56}},"11":{"start":{"line":27,"column":8},"end":{"line":27,"column":73}},"12":{"start":{"line":31,"column":8},"end":{"line":31,"column":54}},"13":{"start":{"line":33,"column":8},"end":{"line":33,"column":71}}},"fnMap":{"0":{"name":"(anonymous_0)","decl":{"start":{"line":6,"column":10},"end":{"line":6,"column":11}},"loc":{"start":{"line":6,"column":26},"end":{"line":38,"column":1}},"line":6},"1":{"name":"(anonymous_1)","decl":{"start":{"line":6,"column":26},"end":{"line":6,"column":27}},"loc":{"start":{"line":6,"column":34},"end":{"line":38,"column":1}},"line":6},"2":{"name":"(anonymous_2)","decl":{"start":{"line":6,"column":34},"end":{"line":6,"column":35}},"loc":{"start":{"line":6,"column":50},"end":{"line":38,"column":1}},"line":6}},"branchMap":{"0":{"loc":{"start":{"line":8,"column":4},"end":{"line":8,"column":69}},"type":"if","locations":[{"start":{"line":8,"column":4},"end":{"line":8,"column":69}},{"start":{"line":8,"column":4},"end":{"line":8,"column":69}}],"line":8},"1":{"loc":{"start":{"line":13,"column":4},"end":{"line":13,"column":41}},"type":"cond-expr","locations":[{"start":{"line":13,"column":12},"end":{"line":13,"column":36}},{"start":{"line":13,"column":37},"end":{"line":13,"column":41}}],"line":13},"2":{"loc":{"start":{"line":27,"column":8},"end":{"line":27,"column":72}},"type":"cond-expr","locations":[{"start":{"line":27,"column":19},"end":{"line":27,"column":67}},{"start":{"line":27,"column":68},"end":{"line":27,"column":72}}],"line":27},"3":{"loc":{"start":{"line":33,"column":8},"end":{"line":33,"column":70}},"type":"cond-expr","locations":[{"start":{"line":33,"column":17},"end":{"line":33,"column":64}},{"start":{"line":33,"column":66},"end":{"line":33,"column":70}}],"line":33}},"s":{"0":1,"1":13,"2":13,"3":42,"4":29,"5":13,"6":13,"7":13,"8":13,"9":13,"10":11,"11":11,"12":2,"13":2},"f":{"0":13,"1":13,"2":42},"b":{"0":[29,13],"1":[5,8],"2":[11,0],"3":[0,2]},"_coverageSchema":"1a1c01bbd47fc00a2c39e90264f33305004495a9","hash":"bbf1a3e9e067611685d2b92fff370984da10950a"}
,"C:\\Users\\William Guinaudie\\My Files\\Coding\\Examples Projects for Templates\\Redux Project\\redux-starter\\src\\middleware\\logger.js": {"path":"C:\\Users\\William Guinaudie\\My Files\\Coding\\Examples Projects for Templates\\Redux Project\\redux-starter\\src\\middleware\\logger.js","statementMap":{"0":{"start":{"line":5,"column":14},"end":{"line":8,"column":1}},"1":{"start":{"line":5,"column":23},"end":{"line":8,"column":1}},"2":{"start":{"line":5,"column":32},"end":{"line":8,"column":1}},"3":{"start":{"line":5,"column":40},"end":{"line":8,"column":1}},"4":{"start":{"line":7,"column":3},"end":{"line":7,"column":23}}},"fnMap":{"0":{"name":"(anonymous_0)","decl":{"start":{"line":5,"column":14},"end":{"line":5,"column":15}},"loc":{"start":{"line":5,"column":23},"end":{"line":8,"column":1}},"line":5},"1":{"name":"(anonymous_1)","decl":{"start":{"line":5,"column":23},"end":{"line":5,"column":24}},"loc":{"start":{"line":5,"column":32},"end":{"line":8,"column":1}},"line":5},"2":{"name":"(anonymous_2)","decl":{"start":{"line":5,"column":32},"end":{"line":5,"column":33}},"loc":{"start":{"line":5,"column":40},"end":{"line":8,"column":1}},"line":5},"3":{"name":"(anonymous_3)","decl":{"start":{"line":5,"column":40},"end":{"line":5,"column":41}},"loc":{"start":{"line":5,"column":50},"end":{"line":8,"column":1}},"line":5}},"branchMap":{},"s":{"0":1,"1":0,"2":0,"3":0,"4":0},"f":{"0":0,"1":0,"2":0,"3":0},"b":{},"_coverageSchema":"1a1c01bbd47fc00a2c39e90264f33305004495a9","hash":"3cff03611209c771d1a5f690a87575219761126c"}
,"C:\\Users\\William Guinaudie\\My Files\\Coding\\Examples Projects for Templates\\Redux Project\\redux-starter\\src\\middleware\\toast.js": {"path":"C:\\Users\\William Guinaudie\\My Files\\Coding\\Examples Projects for Templates\\Redux Project\\redux-starter\\src\\middleware\\toast.js","statementMap":{"0":{"start":{"line":1,"column":14},"end":{"line":5,"column":1}},"1":{"start":{"line":1,"column":23},"end":{"line":5,"column":1}},"2":{"start":{"line":1,"column":31},"end":{"line":5,"column":1}},"3":{"start":{"line":2,"column":4},"end":{"line":4,"column":28}},"4":{"start":{"line":3,"column":8},"end":{"line":3,"column":55}},"5":{"start":{"line":4,"column":9},"end":{"line":4,"column":28}}},"fnMap":{"0":{"name":"(anonymous_0)","decl":{"start":{"line":1,"column":14},"end":{"line":1,"column":15}},"loc":{"start":{"line":1,"column":23},"end":{"line":5,"column":1}},"line":1},"1":{"name":"(anonymous_1)","decl":{"start":{"line":1,"column":23},"end":{"line":1,"column":24}},"loc":{"start":{"line":1,"column":31},"end":{"line":5,"column":1}},"line":1},"2":{"name":"(anonymous_2)","decl":{"start":{"line":1,"column":31},"end":{"line":1,"column":32}},"loc":{"start":{"line":1,"column":41},"end":{"line":5,"column":1}},"line":1}},"branchMap":{"0":{"loc":{"start":{"line":2,"column":4},"end":{"line":4,"column":28}},"type":"if","locations":[{"start":{"line":2,"column":4},"end":{"line":4,"column":28}},{"start":{"line":2,"column":4},"end":{"line":4,"column":28}}],"line":2}},"s":{"0":1,"1":13,"2":13,"3":42,"4":0,"5":42},"f":{"0":13,"1":13,"2":42},"b":{"0":[0,42]},"_coverageSchema":"1a1c01bbd47fc00a2c39e90264f33305004495a9","hash":"f0495d0fc110320f3af7d00dc28be1fe9c6a88e9"}
,"C:\\Users\\William Guinaudie\\My Files\\Coding\\Examples Projects for Templates\\Redux Project\\redux-starter\\src\\store\\api.js": {"path":"C:\\Users\\William Guinaudie\\My Files\\Coding\\Examples Projects for Templates\\Redux Project\\redux-starter\\src\\store\\api.js","statementMap":{"0":{"start":{"line":3,"column":28},"end":{"line":3,"column":57}},"1":{"start":{"line":4,"column":30},"end":{"line":4,"column":61}},"2":{"start":{"line":5,"column":29},"end":{"line":5,"column":59}}},"fnMap":{},"branchMap":{},"s":{"0":1,"1":1,"2":1},"f":{},"b":{},"_coverageSchema":"1a1c01bbd47fc00a2c39e90264f33305004495a9","hash":"9cab37b7abd2f9566ed7c013076710edceacf98a"}
,"C:\\Users\\William Guinaudie\\My Files\\Coding\\Examples Projects for Templates\\Redux Project\\redux-starter\\src\\store\\bugs.js": {"path":"C:\\Users\\William Guinaudie\\My Files\\Coding\\Examples Projects for Templates\\Redux Project\\redux-starter\\src\\store\\bugs.js","statementMap":{"0":{"start":{"line":12,"column":13},"end":{"line":56,"column":1}},"1":{"start":{"line":24,"column":12},"end":{"line":24,"column":30}},"2":{"start":{"line":28,"column":12},"end":{"line":28,"column":31}},"3":{"start":{"line":33,"column":12},"end":{"line":33,"column":36}},"4":{"start":{"line":34,"column":12},"end":{"line":34,"column":31}},"5":{"start":{"line":35,"column":12},"end":{"line":35,"column":38}},"6":{"start":{"line":41,"column":16},"end":{"line":41,"column":47}},"7":{"start":{"line":44,"column":25},"end":{"line":44,"column":80}},"8":{"start":{"line":44,"column":52},"end":{"line":44,"column":79}},"9":{"start":{"line":45,"column":12},"end":{"line":45,"column":45}},"10":{"start":{"line":49,"column":31},"end":{"line":49,"column":45}},"11":{"start":{"line":50,"column":25},"end":{"line":50,"column":65}},"12":{"start":{"line":50,"column":52},"end":{"line":50,"column":64}},"13":{"start":{"line":51,"column":12},"end":{"line":51,"column":44}},"14":{"start":{"line":58,"column":97},"end":{"line":58,"column":110}},"15":{"start":{"line":61,"column":11},"end":{"line":61,"column":18}},"16":{"start":{"line":67,"column":23},"end":{"line":83,"column":1}},"17":{"start":{"line":67,"column":29},"end":{"line":83,"column":1}},"18":{"start":{"line":69,"column":24},"end":{"line":69,"column":48}},"19":{"start":{"line":70,"column":25},"end":{"line":70,"column":68}},"20":{"start":{"line":71,"column":4},"end":{"line":71,"column":32}},"21":{"start":{"line":71,"column":25},"end":{"line":71,"column":32}},"22":{"start":{"line":74,"column":4},"end":{"line":81,"column":11}},"23":{"start":{"line":89,"column":21},"end":{"line":96,"column":2}},"24":{"start":{"line":89,"column":28},"end":{"line":96,"column":2}},"25":{"start":{"line":98,"column":25},"end":{"line":105,"column":2}},"26":{"start":{"line":98,"column":31},"end":{"line":105,"column":2}},"27":{"start":{"line":107,"column":25},"end":{"line":112,"column":2}},"28":{"start":{"line":107,"column":42},"end":{"line":112,"column":2}},"29":{"start":{"line":122,"column":32},"end":{"line":126,"column":1}},"30":{"start":{"line":123,"column":13},"end":{"line":123,"column":32}},"31":{"start":{"line":124,"column":13},"end":{"line":124,"column":36}},"32":{"start":{"line":125,"column":24},"end":{"line":125,"column":62}},"33":{"start":{"line":125,"column":48},"end":{"line":125,"column":61}},"34":{"start":{"line":128,"column":29},"end":{"line":131,"column":1}},"35":{"start":{"line":128,"column":39},"end":{"line":131,"column":1}},"36":{"start":{"line":129,"column":13},"end":{"line":129,"column":32}},"37":{"start":{"line":130,"column":12},"end":{"line":130,"column":53}},"38":{"start":{"line":130,"column":31},"end":{"line":130,"column":52}}},"fnMap":{"0":{"name":"(anonymous_0)","decl":{"start":{"line":23,"column":22},"end":{"line":23,"column":23}},"loc":{"start":{"line":23,"column":37},"end":{"line":25,"column":9}},"line":23},"1":{"name":"(anonymous_1)","decl":{"start":{"line":27,"column":26},"end":{"line":27,"column":27}},"loc":{"start":{"line":27,"column":42},"end":{"line":29,"column":9}},"line":27},"2":{"name":"(anonymous_2)","decl":{"start":{"line":32,"column":21},"end":{"line":32,"column":22}},"loc":{"start":{"line":32,"column":36},"end":{"line":36,"column":9}},"line":32},"3":{"name":"(anonymous_3)","decl":{"start":{"line":40,"column":18},"end":{"line":40,"column":19}},"loc":{"start":{"line":40,"column":34},"end":{"line":41,"column":48}},"line":40},"4":{"name":"(anonymous_4)","decl":{"start":{"line":43,"column":21},"end":{"line":43,"column":22}},"loc":{"start":{"line":43,"column":38},"end":{"line":46,"column":9}},"line":43},"5":{"name":"(anonymous_5)","decl":{"start":{"line":44,"column":45},"end":{"line":44,"column":46}},"loc":{"start":{"line":44,"column":52},"end":{"line":44,"column":79}},"line":44},"6":{"name":"(anonymous_6)","decl":{"start":{"line":48,"column":27},"end":{"line":48,"column":28}},"loc":{"start":{"line":48,"column":45},"end":{"line":52,"column":9}},"line":48},"7":{"name":"(anonymous_7)","decl":{"start":{"line":50,"column":45},"end":{"line":50,"column":46}},"loc":{"start":{"line":50,"column":52},"end":{"line":50,"column":64}},"line":50},"8":{"name":"(anonymous_8)","decl":{"start":{"line":67,"column":23},"end":{"line":67,"column":24}},"loc":{"start":{"line":67,"column":29},"end":{"line":83,"column":1}},"line":67},"9":{"name":"(anonymous_9)","decl":{"start":{"line":67,"column":29},"end":{"line":67,"column":30}},"loc":{"start":{"line":67,"column":50},"end":{"line":83,"column":1}},"line":67},"10":{"name":"(anonymous_10)","decl":{"start":{"line":89,"column":21},"end":{"line":89,"column":22}},"loc":{"start":{"line":89,"column":28},"end":{"line":96,"column":2}},"line":89},"11":{"name":"(anonymous_11)","decl":{"start":{"line":98,"column":25},"end":{"line":98,"column":26}},"loc":{"start":{"line":98,"column":31},"end":{"line":105,"column":2}},"line":98},"12":{"name":"(anonymous_12)","decl":{"start":{"line":107,"column":25},"end":{"line":107,"column":26}},"loc":{"start":{"line":107,"column":42},"end":{"line":112,"column":2}},"line":107},"13":{"name":"(anonymous_13)","decl":{"start":{"line":123,"column":4},"end":{"line":123,"column":5}},"loc":{"start":{"line":123,"column":13},"end":{"line":123,"column":32}},"line":123},"14":{"name":"(anonymous_14)","decl":{"start":{"line":124,"column":4},"end":{"line":124,"column":5}},"loc":{"start":{"line":124,"column":13},"end":{"line":124,"column":36}},"line":124},"15":{"name":"(anonymous_15)","decl":{"start":{"line":125,"column":4},"end":{"line":125,"column":5}},"loc":{"start":{"line":125,"column":24},"end":{"line":125,"column":62}},"line":125},"16":{"name":"(anonymous_16)","decl":{"start":{"line":125,"column":41},"end":{"line":125,"column":42}},"loc":{"start":{"line":125,"column":48},"end":{"line":125,"column":61}},"line":125},"17":{"name":"(anonymous_17)","decl":{"start":{"line":128,"column":29},"end":{"line":128,"column":30}},"loc":{"start":{"line":128,"column":39},"end":{"line":131,"column":1}},"line":128},"18":{"name":"(anonymous_18)","decl":{"start":{"line":129,"column":4},"end":{"line":129,"column":5}},"loc":{"start":{"line":129,"column":13},"end":{"line":129,"column":32}},"line":129},"19":{"name":"(anonymous_19)","decl":{"start":{"line":130,"column":4},"end":{"line":130,"column":5}},"loc":{"start":{"line":130,"column":12},"end":{"line":130,"column":53}},"line":130},"20":{"name":"(anonymous_20)","decl":{"start":{"line":130,"column":24},"end":{"line":130,"column":25}},"loc":{"start":{"line":130,"column":31},"end":{"line":130,"column":52}},"line":130}},"branchMap":{"0":{"loc":{"start":{"line":71,"column":4},"end":{"line":71,"column":32}},"type":"if","locations":[{"start":{"line":71,"column":4},"end":{"line":71,"column":32}},{"start":{"line":71,"column":4},"end":{"line":71,"column":32}}],"line":71}},"s":{"0":1,"1":5,"2":0,"3":5,"4":5,"5":5,"6":4,"7":2,"8":2,"9":2,"10":0,"11":0,"12":0,"13":0,"14":1,"15":1,"16":1,"17":6,"18":6,"19":6,"20":6,"21":1,"22":5,"23":1,"24":6,"25":1,"26":3,"27":1,"28":0,"29":1,"30":1,"31":1,"32":1,"33":3,"34":1,"35":0,"36":0,"37":0,"38":0},"f":{"0":5,"1":0,"2":5,"3":4,"4":2,"5":2,"6":0,"7":0,"8":6,"9":6,"10":6,"11":3,"12":0,"13":1,"14":1,"15":1,"16":3,"17":0,"18":0,"19":0,"20":0},"b":{"0":[1,5]},"_coverageSchema":"1a1c01bbd47fc00a2c39e90264f33305004495a9","hash":"f95c14c51311f1d39feb4c8333341e1707d931ef"}
,"C:\\Users\\William Guinaudie\\My Files\\Coding\\Examples Projects for Templates\\Redux Project\\redux-starter\\src\\store\\configureStore.js": {"path":"C:\\Users\\William Guinaudie\\My Files\\Coding\\Examples Projects for Templates\\Redux Project\\redux-starter\\src\\store\\configureStore.js","statementMap":{"0":{"start":{"line":10,"column":4},"end":{"line":17,"column":7}}},"fnMap":{"0":{"name":"(anonymous_0)","decl":{"start":{"line":7,"column":15},"end":{"line":7,"column":16}},"loc":{"start":{"line":7,"column":26},"end":{"line":18,"column":1}},"line":7}},"branchMap":{},"s":{"0":13},"f":{"0":13},"b":{},"_coverageSchema":"1a1c01bbd47fc00a2c39e90264f33305004495a9","hash":"e8eeb03764b168375dbb251d52a5235d7bd1fd3d"}
,"C:\\Users\\William Guinaudie\\My Files\\Coding\\Examples Projects for Templates\\Redux Project\\redux-starter\\src\\store\\entities.js": {"path":"C:\\Users\\William Guinaudie\\My Files\\Coding\\Examples Projects for Templates\\Redux Project\\redux-starter\\src\\store\\entities.js","statementMap":{},"fnMap":{},"branchMap":{},"s":{},"f":{},"b":{},"_coverageSchema":"1a1c01bbd47fc00a2c39e90264f33305004495a9","hash":"93ff9eec1987eb6152be968431b5dce1413bc46f"}
,"C:\\Users\\William Guinaudie\\My Files\\Coding\\Examples Projects for Templates\\Redux Project\\redux-starter\\src\\store\\projects.js": {"path":"C:\\Users\\William Guinaudie\\My Files\\Coding\\Examples Projects for Templates\\Redux Project\\redux-starter\\src\\store\\projects.js","statementMap":{"0":{"start":{"line":4,"column":12},"end":{"line":4,"column":13}},"1":{"start":{"line":8,"column":13},"end":{"line":22,"column":1}},"2":{"start":{"line":15,"column":16},"end":{"line":19,"column":18}},"3":{"start":{"line":24,"column":29},"end":{"line":24,"column":42}}},"fnMap":{"0":{"name":"(anonymous_0)","decl":{"start":{"line":14,"column":22},"end":{"line":14,"column":23}},"loc":{"start":{"line":14,"column":42},"end":{"line":19,"column":19}},"line":14}},"branchMap":{},"s":{"0":1,"1":1,"2":0,"3":1},"f":{"0":0},"b":{},"_coverageSchema":"1a1c01bbd47fc00a2c39e90264f33305004495a9","hash":"9ab9b78ecbffd6805becbc3a074d01e4364fbc92"}
,"C:\\Users\\William Guinaudie\\My Files\\Coding\\Examples Projects for Templates\\Redux Project\\redux-starter\\src\\store\\reducer.js": {"path":"C:\\Users\\William Guinaudie\\My Files\\Coding\\Examples Projects for Templates\\Redux Project\\redux-starter\\src\\store\\reducer.js","statementMap":{},"fnMap":{},"branchMap":{},"s":{},"f":{},"b":{},"_coverageSchema":"1a1c01bbd47fc00a2c39e90264f33305004495a9","hash":"d51453a6251e3f90bba17d632a4b67dce029655e"}
,"C:\\Users\\William Guinaudie\\My Files\\Coding\\Examples Projects for Templates\\Redux Project\\redux-starter\\src\\store\\users.js": {"path":"C:\\Users\\William Guinaudie\\My Files\\Coding\\Examples Projects for Templates\\Redux Project\\redux-starter\\src\\store\\users.js","statementMap":{"0":{"start":{"line":4,"column":12},"end":{"line":4,"column":13}},"1":{"start":{"line":8,"column":13},"end":{"line":22,"column":1}},"2":{"start":{"line":15,"column":16},"end":{"line":19,"column":18}},"3":{"start":{"line":24,"column":26},"end":{"line":24,"column":39}}},"fnMap":{"0":{"name":"(anonymous_0)","decl":{"start":{"line":14,"column":19},"end":{"line":14,"column":20}},"loc":{"start":{"line":14,"column":36},"end":{"line":19,"column":19}},"line":14}},"branchMap":{},"s":{"0":1,"1":1,"2":0,"3":1},"f":{"0":0},"b":{},"_coverageSchema":"1a1c01bbd47fc00a2c39e90264f33305004495a9","hash":"dbb83cf65fdee0e99f205032ead5b064af406b6d"}
}
